
=== Wed Mar 13 15:20:36 2019

Packages were changed.
Update Mode: mergeDefaultDependencies

The following packages were added:
  com.unity.analytics@3.2.2
  com.unity.purchasing@2.0.3
  com.unity.ads@2.3.1
  com.unity.textmeshpro@1.3.0
  com.unity.package-manager-ui@2.0.3
  com.unity.collab-proxy@1.2.15
  com.unity.modules.ai@1.0.0
  com.unity.modules.animation@1.0.0
  com.unity.modules.assetbundle@1.0.0
  com.unity.modules.audio@1.0.0
  com.unity.modules.cloth@1.0.0
  com.unity.modules.director@1.0.0
  com.unity.modules.imageconversion@1.0.0
  com.unity.modules.imgui@1.0.0
  com.unity.modules.jsonserialize@1.0.0
  com.unity.modules.particlesystem@1.0.0
  com.unity.modules.physics@1.0.0
  com.unity.modules.physics2d@1.0.0
  com.unity.modules.screencapture@1.0.0
  com.unity.modules.terrain@1.0.0
  com.unity.modules.terrainphysics@1.0.0
  com.unity.modules.tilemap@1.0.0
  com.unity.modules.ui@1.0.0
  com.unity.modules.uielements@1.0.0
  com.unity.modules.umbra@1.0.0
  com.unity.modules.unityanalytics@1.0.0
  com.unity.modules.unitywebrequest@1.0.0
  com.unity.modules.unitywebrequestassetbundle@1.0.0
  com.unity.modules.unitywebrequestaudio@1.0.0
  com.unity.modules.unitywebrequesttexture@1.0.0
  com.unity.modules.unitywebrequestwww@1.0.0
  com.unity.modules.vehicles@1.0.0
  com.unity.modules.video@1.0.0
  com.unity.modules.vr@1.0.0
  com.unity.modules.wind@1.0.0
  com.unity.modules.xr@1.0.0

=== Fri Nov  1 17:48:09 2019

Packages were changed.
Update Mode: updateDependencies

The following packages were added:
  com.unity.2d.tilemap@1.0.0
  com.unity.ext.nunit@1.0.0
  com.unity.test-framework@1.0.13
  com.unity.timeline@1.1.0
  com.unity.2d.sprite@1.0.0
  com.unity.ide.vscode@1.1.0
  com.unity.ide.rider@1.1.0
  com.unity.ugui@1.0.0
  com.unity.modules.androidjni@1.0.0
  com.unity.multiplayer-hlapi@1.0.2
  com.unity.xr.legacyinputhelpers@2.0.2
The following packages were updated:
  com.unity.analytics from version 3.2.2 to 3.3.2
  com.unity.collab-proxy from version 1.2.15 to 1.2.16
  com.unity.package-manager-ui from version 2.0.3 to 2.2.0
  com.unity.purchasing from version 2.0.3 to 2.0.6
  com.unity.textmeshpro from version 1.3.0 to 2.0.1

=== Tue Jun  9 12:24:37 2020

Packages were changed.
Update Mode: updateDependencies

The following packages were updated:
  com.unity.ads from version 2.3.1 to 3.4.5
  com.unity.analytics from version 3.3.2 to 3.3.5
  com.unity.ide.rider from version 1.1.0 to 1.1.4
  com.unity.ide.vscode from version 1.1.0 to 1.2.0
  com.unity.multiplayer-hlapi from version 1.0.2 to 1.0.4
  com.unity.postprocessing from version 2.1.5 to 2.2.2
  com.unity.test-framework from version 1.0.13 to 1.1.14
  com.unity.xr.legacyinputhelpers from version 2.0.2 to 2.1.3
The following packages were removed:
  com.unity.package-manager-ui@2.2.0

=== Mon Jun 15 11:26:41 2020

Packages were changed.
Update Mode: updateDependencies

The following packages were updated:
  com.unity.multiplayer-hlapi from version 1.0.4 to 1.0.6
  com.unity.xr.legacyinputhelpers from version 2.1.3 to 2.1.4

=== Thu Jul  9 09:52:41 2020

Packages were changed.
Update Mode: updateDependencies

The following packages were updated:
  com.unity.ads from version 3.4.5 to 3.4.7
  com.unity.ide.vscode from version 1.2.0 to 1.2.1

=== Thu Aug 27 13:30:12 2020

Packages were changed.
Update Mode: updateDependencies

The following packages were updated:
  com.unity.test-framework from version 1.1.14 to 1.1.16

=== Thu Oct  1 15:36:34 2020

Packages were changed.
Update Mode: updateDependencies

The following packages were updated:
  com.unity.ads from version 3.4.7 to 3.4.9
  com.unity.purchasing from version 2.0.6 to 2.1.0

=== Thu Nov 19 11:46:59 2020

Packages were changed.
Update Mode: updateDependencies

The following packages were updated:
  com.unity.ads from version 3.4.9 to 3.5.0
  com.unity.ide.vscode from version 1.2.1 to 1.2.3
  com.unity.purchasing from version 2.1.0 to 2.1.1
  com.unity.test-framework from version 1.1.16 to 1.1.18

=== Fri Dec 11 14:50:34 2020

Packages were changed.
Update Mode: updateDependencies

The following packages were updated:
  com.unity.ads from version 3.5.0 to 3.5.2
  com.unity.ext.nunit from version 1.0.0 to 1.0.5
  com.unity.test-framework from version 1.1.18 to 1.1.19
  com.unity.xr.legacyinputhelpers from version 2.1.4 to 2.1.6

=== Wed Jan  6 14:39:14 2021

Packages were changed.
Update Mode: updateDependencies

The following packages were updated:
  com.unity.purchasing from version 2.1.1 to 2.2.1

=== Tue Jan 26 09:29:12 2021

Packages were changed.
Update Mode: updateDependencies

The following packages were updated:
  com.unity.ext.nunit from version 1.0.5 to 1.0.6
  com.unity.test-framework from version 1.1.19 to 1.1.20
  com.unity.xr.legacyinputhelpers from version 2.1.6 to 2.1.7
